#
# There is insufficient memory for the Java Runtime Environment to continue.
# Native memory allocation (malloc) failed to allocate 1048576 bytes for AllocateHeap
# Possible reasons:
#   The system is out of physical RAM or swap space
#   In 32 bit mode, the process size limit was hit
# Possible solutions:
#   Reduce memory load on the system
#   Increase physical memory or swap space
#   Check if swap backing store is full
#   Use 64 bit Java on a 64 bit OS
#   Decrease Java heap size (-Xmx/-Xms)
#   Decrease number of Java threads
#   Decrease Java thread stack sizes (-Xss)
#   Set larger code cache with -XX:ReservedCodeCacheSize=
# This output file may be truncated or incomplete.
#
#  Out of Memory Error (memory/allocation.inline.hpp:61), pid=53200, tid=0x000000000000bdcc
#
# JRE version:  (8.0_112-b16) (build )
# Java VM: OpenJDK 64-Bit Server VM (25.112-b16 mixed mode windows-amd64 compressed oops)
# Failed to write core dump. Minidumps are not enabled by default on client versions of Windows
#

---------------  T H R E A D  ---------------

Current thread (0x0000000004af0800):  JavaThread "Unknown thread" [_thread_in_vm, id=48588, stack(0x00000000049f0000,0x0000000004af0000)]

Stack: [0x00000000049f0000,0x0000000004af0000]
[error occurred during error reporting (printing stack bounds), id 0xc0000005]

Native frames: (J=compiled Java code, j=interpreted, Vv=VM code, C=native code)


---------------  P R O C E S S  ---------------

Java Threads: ( => current thread )

Other Threads:

=>0x0000000004af0800 (exited) JavaThread "Unknown thread" [_thread_in_vm, id=48588, stack(0x00000000049f0000,0x0000000004af0000)]

VM state:not at safepoint (normal execution)

VM Mutex/Monitor currently owned by a thread: None

Heap:
 PSYoungGen      total 75776K, used 1300K [0x000000076b580000, 0x0000000770a00000, 0x00000007c0000000)
  eden space 65024K, 2% used [0x000000076b580000,0x000000076b6c51f8,0x000000076f500000)
  from space 10752K, 0% used [0x000000076ff80000,0x000000076ff80000,0x0000000770a00000)
  to   space 10752K, 0% used [0x000000076f500000,0x000000076f500000,0x000000076ff80000)
 ParOldGen       total 173568K, used 0K [0x00000006c2000000, 0x00000006cc980000, 0x000000076b580000)
  object space 173568K, 0% used [0x00000006c2000000,0x00000006c2000000,0x00000006cc980000)
 Metaspace       used 772K, capacity 4480K, committed 4480K, reserved 1056768K
  class space    used 73K, capacity 384K, committed 384K, reserved 1048576K

Card table byte_map: [0x0000000013fb0000,0x00000000147b0000] byte_map_base: 0x00000000109a0000

Marking Bits: (ParMarkBitMap*) 0x00000000582f08f0
 Begin Bits: [0x0000000015500000, 0x0000000019480000)
 End Bits:   [0x0000000019480000, 0x000000001d400000)

Polling page: 0x00000000005f0000

CodeCache: size=245760Kb used=328Kb max_used=328Kb free=245431Kb
 bounds [0x0000000004bf0000, 0x0000000004e60000, 0x0000000013bf0000]
 total_blobs=57 nmethods=0 adapters=38
 compilation: enabled

Compilation events (0 events):
No events

GC Heap History (0 events):
No events

Deoptimization events (0 events):
No events

Internal exceptions (0 events):
No events

Events (10 events):
Event: 0.042 loading class java/lang/Short
Event: 0.042 loading class java/lang/Short done
Event: 0.042 loading class java/lang/Integer
Event: 0.043 loading class java/lang/Integer done
Event: 0.043 loading class java/lang/Long
Event: 0.043 loading class java/lang/Long done
Event: 0.044 loading class java/lang/NullPointerException
Event: 0.044 loading class java/lang/NullPointerException done
Event: 0.044 loading class java/lang/ArithmeticException
Event: 0.044 loading class java/lang/ArithmeticException done


Dynamic libraries:
0x00007ff788fc0000 - 0x00007ff788ff1000 	D:\javaSofts\IDEA\IntelliJ IDEA 2017.1.2\jre64\bin\java.exe
0x00007ffbda760000 - 0x00007ffbda940000 	C:\WINDOWS\SYSTEM32\ntdll.dll
0x00007ffbda560000 - 0x00007ffbda60e000 	C:\WINDOWS\System32\KERNEL32.DLL
0x00007ffbd6d00000 - 0x00007ffbd6f66000 	C:\WINDOWS\System32\KERNELBASE.dll
0x00007ffbd8a10000 - 0x00007ffbd8ab1000 	C:\WINDOWS\System32\ADVAPI32.dll
0x00007ffbda4c0000 - 0x00007ffbda55d000 	C:\WINDOWS\System32\msvcrt.dll
0x00007ffbd89b0000 - 0x00007ffbd8a0b000 	C:\WINDOWS\System32\sechost.dll
0x00007ffbd7ee0000 - 0x00007ffbd7fff000 	C:\WINDOWS\System32\RPCRT4.dll
0x00007ffbd8bd0000 - 0x00007ffbd8d5f000 	C:\WINDOWS\System32\USER32.dll
0x00007ffbd7460000 - 0x00007ffbd7480000 	C:\WINDOWS\System32\win32u.dll
0x00007ffbd9040000 - 0x00007ffbd9068000 	C:\WINDOWS\System32\GDI32.dll
0x00007ffbd6b60000 - 0x00007ffbd6cf3000 	C:\WINDOWS\System32\gdi32full.dll
0x00007ffbd70f0000 - 0x00007ffbd718b000 	C:\WINDOWS\System32\msvcp_win.dll
0x00007ffbd7360000 - 0x00007ffbd7456000 	C:\WINDOWS\System32\ucrtbase.dll
0x00007ffbcbfd0000 - 0x00007ffbcc239000 	C:\WINDOWS\WinSxS\amd64_microsoft.windows.common-controls_6595b64144ccf1df_6.0.16299.309_none_15cfd4c4935e6b11\COMCTL32.dll
0x00007ffbd81f0000 - 0x00007ffbd84f8000 	C:\WINDOWS\System32\combase.dll
0x00007ffbd7070000 - 0x00007ffbd70e2000 	C:\WINDOWS\System32\bcryptPrimitives.dll
0x00007ffbd8d60000 - 0x00007ffbd8d8d000 	C:\WINDOWS\System32\IMM32.DLL
0x0000000058b40000 - 0x0000000058c12000 	D:\javaSofts\IDEA\IntelliJ IDEA 2017.1.2\jre64\bin\msvcr100.dll
0x0000000057b30000 - 0x000000005836b000 	D:\javaSofts\IDEA\IntelliJ IDEA 2017.1.2\jre64\bin\server\jvm.dll
0x00007ffbda720000 - 0x00007ffbda728000 	C:\WINDOWS\System32\PSAPI.DLL
0x00007ffbd1a50000 - 0x00007ffbd1a73000 	C:\WINDOWS\SYSTEM32\WINMM.dll
0x00007ffbca140000 - 0x00007ffbca149000 	C:\WINDOWS\SYSTEM32\WSOCK32.dll
0x00007ffbcf990000 - 0x00007ffbcf99a000 	C:\WINDOWS\SYSTEM32\VERSION.dll
0x00007ffbd8d90000 - 0x00007ffbd8dfc000 	C:\WINDOWS\System32\WS2_32.dll
0x00007ffbd19a0000 - 0x00007ffbd19ca000 	C:\WINDOWS\SYSTEM32\winmmbase.dll
0x00007ffbd7020000 - 0x00007ffbd706a000 	C:\WINDOWS\System32\cfgmgr32.dll
0x00007ffbd4980000 - 0x00007ffbd498f000 	D:\javaSofts\IDEA\IntelliJ IDEA 2017.1.2\jre64\bin\verify.dll
0x00007ffbd2cb0000 - 0x00007ffbd2cd9000 	D:\javaSofts\IDEA\IntelliJ IDEA 2017.1.2\jre64\bin\java.dll
0x00007ffbc2f00000 - 0x00007ffbc2f16000 	D:\javaSofts\IDEA\IntelliJ IDEA 2017.1.2\jre64\bin\zip.dll

VM Arguments:
java_command: org.jetbrains.git4idea.http.GitAskPassApp Username for 'https://github.com': 
java_class_path (initial): D:/javaSofts/IDEA/IntelliJ IDEA 2017.1.2/plugins/git4idea/lib/git4idea-rt.jar;D:/javaSofts/IDEA/IntelliJ IDEA 2017.1.2/lib/xmlrpc-2.0.jar;D:/javaSofts/IDEA/IntelliJ IDEA 2017.1.2/lib/commons-codec-1.9.jar;D:/javaSofts/IDEA/IntelliJ IDEA 2017.1.2/lib/util.jar
Launcher Type: SUN_STANDARD

Environment Variables:
JAVA_HOME=D:\javaSofts\jdk1.8
CLASSPATH=D:\javaSofts\jre1.8\lib
PATH=D:\javaSofts\git\Git\mingw64/libexec/git-core;D:\javaSofts\git\Git\mingw64\bin;D:\javaSofts\git\Git\usr\bin;C:\Users\刘亮\bin;D:\javaSofts\jdk1.8\bin;D:\javaSofts\git\Git\cmd;C:\Program Files (x86)\NVIDIA Corporation\PhysX\Common;E:\java安装包\apache-maven-3.3.3-bin (1)\apache-maven-3.3.3\bin;E:\softs\python;E:\softs\python\Scripts;E:\softs\nodejs\;C:\WINDOWS\system32;C:\WINDOWS;C:\WINDOWS\System32\Wbem;C:\WINDOWS\System32\WindowsPowerShell\v1.0\;E:\java安装包\中间件\rabbitMQ\rabbitmq_server-3.7.3\sbin;%ERLANG_HOME%\bin;C:\Users\刘亮\AppData\Local\Microsoft\WindowsApps;E:\softs\vs\Microsoft VS Code\bin;C:\Users\刘亮\AppData\Roaming\npm;
USERNAME=刘亮
OS=Windows_NT
PROCESSOR_IDENTIFIER=Intel64 Family 6 Model 142 Stepping 10, GenuineIntel



---------------  S Y S T E M  ---------------

OS: Windows 10.0 , 64 bit Build 16299 (10.0.16299.15)

CPU:total 8 (4 cores per cpu, 2 threads per core) family 6 model 142 stepping 10, cmov, cx8, fxsr, mmx, sse, sse2, sse3, ssse3, sse4.1, sse4.2, popcnt, avx, avx2, aes, clmul, erms, 3dnowpref, lzcnt, ht, tsc, tscinvbit, bmi1, bmi2, adx

Memory: 4k page, physical 16640396k(4462204k free), swap 29630824k(4512k free)

vm_info: OpenJDK 64-Bit Server VM (25.112-b16) for windows-amd64 JRE (1.8.0_112-release-736-b16), built on Mar 28 2017 15:02:05 by "builduser" with MS VC++ 10.0 (VS2010)

time: Fri Mar 30 17:48:51 2018
elapsed time: 0 seconds (0d 0h 0m 0s)

